[13/10/2025, 16:00:41] Service started...
[13/10/2025, 16:00:46] [✅ influxDB] is running correctly.
[13/10/2025, 16:00:46] Service is running...
[13/10/2025, 16:00:50] 
🚀 All services have been started. Look for ✅ above to confirm each one is running.

[13/10/2025, 16:00:51] Service is running...
[13/10/2025, 16:00:56] Service is running...
[13/10/2025, 16:00:56] [subscribe-ns4] exited with code 0
[13/10/2025, 16:01:01] Service is running...
[13/10/2025, 16:01:06] Service is running...
[13/10/2025, 16:01:11] Service is running...
[13/10/2025, 16:01:16] Service is running...
[13/10/2025, 16:01:21] Service is running...
[13/10/2025, 16:01:26] Service is running...
[13/10/2025, 16:01:31] Service is running...
[13/10/2025, 16:01:36] Service is running...
[13/10/2025, 16:01:41] Service is running...
[13/10/2025, 16:01:46] Service is running...
[13/10/2025, 16:01:51] Service is running...
[13/10/2025, 16:01:56] Service is running...
[13/10/2025, 16:02:01] Service is running...
[13/10/2025, 16:02:06] Service is running...
[13/10/2025, 16:02:11] Service is running...
[13/10/2025, 16:02:16] Service is running...
[13/10/2025, 16:02:21] Service is running...
[13/10/2025, 16:02:26] Service is running...
[13/10/2025, 16:02:31] Service is running...
[13/10/2025, 16:02:36] Service is running...
[13/10/2025, 16:02:41] Service is running...
[13/10/2025, 16:02:46] Service is running...
[13/10/2025, 16:02:51] Service is running...
[13/10/2025, 16:02:56] Service is running...
[13/10/2025, 16:03:01] Service is running...
[13/10/2025, 16:03:06] Service is running...
[13/10/2025, 16:03:11] Service is running...
[13/10/2025, 16:03:16] Service is running...
[13/10/2025, 16:03:21] Service is running...
[13/10/2025, 16:03:26] Service is running...
[13/10/2025, 16:03:31] Service is running...
[13/10/2025, 16:03:36] Service is running...
[13/10/2025, 16:03:41] Service is running...
[13/10/2025, 16:03:46] Service is running...
[13/10/2025, 16:03:51] Service is running...
[13/10/2025, 16:03:56] Service is running...
[13/10/2025, 16:04:01] Service is running...
[13/10/2025, 16:04:06] Service is running...
[13/10/2025, 16:04:11] Service is running...
[13/10/2025, 16:04:16] Service is running...
[13/10/2025, 16:04:21] Service is running...
[13/10/2025, 16:04:27] Service is running...
[13/10/2025, 16:04:32] Service is running...
[13/10/2025, 16:04:37] Service is running...
[13/10/2025, 16:04:42] Service is running...
[13/10/2025, 16:04:47] Service is running...
[13/10/2025, 16:04:52] Service is running...
[13/10/2025, 16:04:57] Service is running...
[13/10/2025, 16:05:02] Service is running...
[13/10/2025, 16:05:07] Service is running...
[13/10/2025, 16:05:12] Service is running...
[13/10/2025, 16:05:17] Service is running...
[13/10/2025, 16:05:22] Service is running...
[13/10/2025, 16:05:27] Service is running...
[13/10/2025, 16:05:32] Service is running...
[13/10/2025, 16:05:37] Service is running...
[13/10/2025, 16:05:42] Service is running...
[13/10/2025, 16:05:47] Service is running...
[13/10/2025, 16:05:52] Service is running...
[13/10/2025, 16:05:57] Service is running...
[13/10/2025, 16:06:02] Service is running...
[13/10/2025, 16:06:07] Service is running...
[13/10/2025, 16:06:12] Service is running...
[13/10/2025, 16:06:17] Service is running...
[13/10/2025, 16:06:22] Service is running...
[13/10/2025, 16:06:27] Service is running...
[13/10/2025, 16:06:32] Service is running...
[13/10/2025, 16:06:37] Service is running...
[13/10/2025, 16:06:42] Service is running...
[13/10/2025, 16:06:47] Service is running...
[13/10/2025, 16:06:52] Service is running...
[13/10/2025, 16:06:57] Service is running...
[13/10/2025, 16:07:02] Service is running...
[13/10/2025, 16:07:07] Service is running...
[13/10/2025, 16:07:12] Service is running...
[13/10/2025, 16:07:17] Service is running...
[13/10/2025, 16:07:22] Service is running...
[13/10/2025, 16:07:27] Service is running...
[13/10/2025, 16:07:32] Service is running...
[13/10/2025, 16:07:37] Service is running...
[13/10/2025, 16:07:42] Service is running...
[13/10/2025, 16:07:47] Service is running...
[13/10/2025, 16:07:52] Service is running...
[13/10/2025, 16:07:57] Service is running...
[13/10/2025, 16:08:02] Service is running...
[13/10/2025, 16:08:07] Service is running...
[13/10/2025, 16:08:12] Service is running...
[13/10/2025, 16:08:17] Service is running...
[13/10/2025, 16:08:22] Service is running...
[13/10/2025, 16:08:27] Service is running...
[13/10/2025, 16:08:32] Service is running...
[13/10/2025, 16:08:37] Service is running...
[13/10/2025, 16:08:42] Service is running...
[13/10/2025, 16:08:47] Service is running...
[13/10/2025, 16:08:52] Service is running...
[13/10/2025, 16:08:57] Service is running...
[13/10/2025, 16:09:02] Service is running...
[13/10/2025, 16:09:07] Service is running...
[13/10/2025, 16:09:12] Service is running...
[13/10/2025, 16:09:17] Service is running...
[13/10/2025, 16:09:22] Service is running...
[13/10/2025, 16:09:27] Service is running...
[13/10/2025, 16:09:32] Service is running...
[13/10/2025, 16:09:37] Service is running...
[13/10/2025, 16:09:42] Service is running...
[13/10/2025, 16:09:47] Service is running...
[13/10/2025, 16:09:52] Service is running...
[13/10/2025, 16:09:57] Service is running...
[13/10/2025, 16:10:02] Service is running...
[13/10/2025, 16:10:07] Service is running...
[13/10/2025, 16:10:12] Service is running...
[13/10/2025, 16:10:17] Service is running...
[13/10/2025, 16:10:22] Service is running...
[13/10/2025, 16:10:27] Service is running...
[13/10/2025, 16:10:32] Service is running...
[13/10/2025, 16:10:37] Service is running...
[13/10/2025, 16:10:42] Service is running...
[13/10/2025, 16:10:47] Service is running...
[13/10/2025, 16:10:52] Service is running...
[13/10/2025, 16:10:57] Service is running...
[13/10/2025, 16:11:02] Service is running...
[13/10/2025, 16:11:07] Service is running...
[13/10/2025, 16:11:12] Service is running...
[13/10/2025, 16:11:17] Service is running...
[13/10/2025, 16:11:22] Service is running...
[13/10/2025, 16:11:27] Service is running...
[13/10/2025, 16:11:32] Service is running...
[13/10/2025, 16:11:37] Service is running...
[13/10/2025, 16:11:42] Service is running...
[13/10/2025, 16:11:47] Service is running...
[13/10/2025, 16:11:52] Service is running...
[13/10/2025, 16:11:57] Service is running...
[13/10/2025, 16:12:02] Service is running...
[13/10/2025, 16:12:07] Service is running...
[13/10/2025, 16:12:12] Service is running...
[13/10/2025, 16:12:17] Service is running...
[13/10/2025, 16:12:22] Service is running...
[13/10/2025, 16:12:27] Service is running...
[13/10/2025, 16:12:32] Service is running...
[13/10/2025, 16:12:37] Service is running...
[13/10/2025, 16:12:42] Service is running...
[13/10/2025, 16:12:47] Service is running...
[13/10/2025, 16:12:52] Service is running...
[13/10/2025, 16:12:57] Service is running...
[13/10/2025, 16:13:02] Service is running...
[13/10/2025, 16:13:07] Service is running...
[13/10/2025, 16:13:12] Service is running...
[13/10/2025, 16:13:17] Service is running...
[13/10/2025, 16:13:22] Service is running...
[13/10/2025, 16:13:27] Service is running...
[13/10/2025, 16:13:32] Service is running...
[13/10/2025, 16:13:37] Service is running...
[13/10/2025, 16:13:42] Service is running...
[13/10/2025, 16:13:47] Service is running...
[13/10/2025, 16:13:52] Service is running...
[13/10/2025, 16:13:57] Service is running...
[13/10/2025, 16:14:02] Service is running...
[13/10/2025, 16:14:07] Service is running...
[13/10/2025, 16:14:12] Service is running...
[13/10/2025, 16:14:17] Service is running...
[14/10/2025, 13:01:47] Service started...
[14/10/2025, 13:01:49] [✅ influxDB] is running correctly.
[14/10/2025, 13:01:52] Service is running...
[14/10/2025, 13:01:54] 
🚀 All services have been started. Look for ✅ above to confirm each one is running.

[14/10/2025, 13:01:57] Service is running...
[14/10/2025, 13:01:59] [subscribe-ns4] exited with code 0
[14/10/2025, 13:02:02] Service is running...
[14/10/2025, 13:02:07] Service is running...
[14/10/2025, 13:02:12] Service is running...
[14/10/2025, 13:02:17] Service is running...
[14/10/2025, 13:02:22] Service is running...
[14/10/2025, 13:02:27] Service is running...
[14/10/2025, 13:02:32] Service is running...
[14/10/2025, 13:02:37] Service is running...
[14/10/2025, 13:02:43] Service started...
[14/10/2025, 13:02:44] [✅ influxDB] is running correctly.
[14/10/2025, 13:02:48] Service is running...
[14/10/2025, 13:02:49] 
🚀 All services have been started. Look for ✅ above to confirm each one is running.

[14/10/2025, 13:02:53] [subscribe-ns4] exited with code 0
[14/10/2025, 13:02:53] Service is running...
[14/10/2025, 13:02:58] Service is running...
[14/10/2025, 13:03:03] Service is running...
[14/10/2025, 13:03:08] Service is running...
[14/10/2025, 13:03:13] Service is running...
[14/10/2025, 13:03:18] Service is running...
[14/10/2025, 13:03:23] Service is running...
[14/10/2025, 13:03:28] Service is running...
[14/10/2025, 13:03:33] Service is running...
[14/10/2025, 13:03:38] Service is running...
[14/10/2025, 13:03:43] Service is running...
[14/10/2025, 13:03:48] Service is running...
[14/10/2025, 13:03:53] Service is running...
[14/10/2025, 13:03:58] Service is running...
[14/10/2025, 13:04:03] Service is running...
[14/10/2025, 13:04:08] Service is running...
[14/10/2025, 13:04:13] Service is running...
[14/10/2025, 13:04:18] Service is running...
[14/10/2025, 13:04:23] Service is running...
[14/10/2025, 13:04:28] Service is running...
[14/10/2025, 13:04:33] Service is running...
[14/10/2025, 13:04:38] Service is running...
[14/10/2025, 13:04:43] Service is running...
[14/10/2025, 13:04:48] Service is running...
[14/10/2025, 13:04:53] Service is running...
[14/10/2025, 13:04:58] Service is running...
[14/10/2025, 13:05:03] Service is running...
[14/10/2025, 13:05:08] Service is running...
[14/10/2025, 13:05:13] Service is running...
[14/10/2025, 13:05:18] Service is running...
[14/10/2025, 13:05:23] Service is running...
[14/10/2025, 13:05:26] Service started...
[14/10/2025, 13:05:27] [✅ influxDB] is running correctly.
[14/10/2025, 13:05:31] Service is running...
[14/10/2025, 13:05:32] 
🚀 All services have been started. Look for ✅ above to confirm each one is running.

[14/10/2025, 13:05:36] Service is running...
[14/10/2025, 13:05:37] [subscribe-ns4] exited with code 0
[14/10/2025, 13:05:41] Service is running...
[14/10/2025, 13:05:46] Service is running...
[14/10/2025, 13:05:51] Service is running...
[14/10/2025, 13:05:56] Service is running...
[14/10/2025, 13:06:01] Service is running...
[14/10/2025, 13:06:06] Service is running...
[14/10/2025, 13:06:11] Service is running...
[14/10/2025, 13:06:16] Service is running...
[14/10/2025, 13:06:21] Service is running...
[14/10/2025, 13:06:26] Service is running...
[14/10/2025, 13:06:31] Service is running...
[14/10/2025, 13:06:36] Service is running...
[14/10/2025, 13:06:41] Service is running...
[14/10/2025, 13:06:46] Service is running...
[14/10/2025, 13:06:51] Service is running...
[14/10/2025, 13:06:57] Service is running...
[14/10/2025, 13:07:02] Service is running...
[14/10/2025, 13:07:07] Service is running...
[14/10/2025, 13:07:12] Service is running...
[14/10/2025, 13:07:17] Service is running...
[14/10/2025, 20:09:01] Service started...
[14/10/2025, 20:09:03] [✅ influxDB] is running correctly.
[14/10/2025, 20:09:06] Service is running...
[14/10/2025, 20:09:08] 
🚀 All services have been started. Look for ✅ above to confirm each one is running.

[14/10/2025, 20:09:11] Service is running...
[14/10/2025, 20:09:12] [subscribe-ns4] exited with code 0
[14/10/2025, 20:09:16] Service is running...
[14/10/2025, 20:09:21] Service is running...
[14/10/2025, 20:09:26] Service is running...
[14/10/2025, 20:09:31] Service is running...
[14/10/2025, 20:09:36] Service is running...
[14/10/2025, 20:09:41] Service is running...
[14/10/2025, 20:09:46] Service is running...
[14/10/2025, 20:09:51] Service is running...
[14/10/2025, 20:09:56] Service is running...
[14/10/2025, 20:10:01] Service is running...
[14/10/2025, 20:10:06] Service is running...
[14/10/2025, 20:10:11] Service is running...
[14/10/2025, 20:10:16] Service is running...
[14/10/2025, 20:10:21] Service is running...
[14/10/2025, 20:10:26] Service is running...
[14/10/2025, 20:10:31] Service is running...
[14/10/2025, 20:10:36] Service is running...
[14/10/2025, 20:10:41] Service is running...
[14/10/2025, 20:10:46] Service is running...
[14/10/2025, 20:10:51] Service is running...
[14/10/2025, 20:10:56] Service is running...
[14/10/2025, 20:11:01] Service is running...
[14/10/2025, 20:11:06] Service is running...
[14/10/2025, 20:11:11] Service is running...
[14/10/2025, 20:11:16] Service is running...
[14/10/2025, 20:11:21] Service is running...
[14/10/2025, 20:11:26] Service is running...
[14/10/2025, 20:11:31] Service is running...
[14/10/2025, 20:11:36] Service is running...
[14/10/2025, 20:11:41] Service is running...
[14/10/2025, 20:11:46] Service is running...
[14/10/2025, 20:11:51] Service is running...
[14/10/2025, 20:11:56] Service is running...
[14/10/2025, 20:12:01] Service is running...
[14/10/2025, 20:12:06] Service is running...
[14/10/2025, 20:12:11] Service is running...
[14/10/2025, 20:12:16] Service is running...
[14/10/2025, 20:12:21] Service is running...
[14/10/2025, 20:12:26] Service is running...
[14/10/2025, 20:12:31] Service is running...
[14/10/2025, 20:12:36] Service is running...
[14/10/2025, 20:12:41] Service is running...
[14/10/2025, 20:12:46] Service is running...
[14/10/2025, 20:12:51] Service is running...
[14/10/2025, 20:12:56] Service is running...
[14/10/2025, 20:13:01] Service is running...
[14/10/2025, 20:13:06] Service is running...
[14/10/2025, 20:13:11] Service is running...
[14/10/2025, 20:13:16] Service is running...
[14/10/2025, 20:13:21] Service is running...
[14/10/2025, 20:13:26] Service is running...
[14/10/2025, 20:13:31] Service is running...
[14/10/2025, 20:13:36] Service is running...
[14/10/2025, 20:13:41] Service is running...
[14/10/2025, 20:13:46] Service is running...
[14/10/2025, 20:13:51] Service is running...
[14/10/2025, 20:13:56] Service is running...
[14/10/2025, 20:14:01] Service is running...
[14/10/2025, 20:14:06] Service is running...
[14/10/2025, 20:14:11] Service is running...
[14/10/2025, 20:14:16] Service is running...
[14/10/2025, 20:14:21] Service is running...
[14/10/2025, 20:14:26] Service is running...
[14/10/2025, 20:14:31] Service is running...
[14/10/2025, 20:14:36] Service is running...
[14/10/2025, 20:14:41] Service is running...
[14/10/2025, 20:14:46] Service is running...
[14/10/2025, 20:14:51] Service is running...
[14/10/2025, 20:14:56] Service is running...
[14/10/2025, 20:15:01] Service is running...
[14/10/2025, 20:15:06] Service is running...
[14/10/2025, 20:15:11] Service is running...
[14/10/2025, 20:15:16] Service is running...
[14/10/2025, 20:15:21] Service is running...
[14/10/2025, 20:15:26] Service is running...
[14/10/2025, 20:15:31] Service is running...
[14/10/2025, 20:15:36] Service is running...
[14/10/2025, 20:15:41] Service is running...
[14/10/2025, 20:15:46] Service is running...
[14/10/2025, 20:15:51] Service is running...
[14/10/2025, 20:15:56] Service is running...
[14/10/2025, 20:16:01] Service is running...
[14/10/2025, 20:16:06] Service is running...
[14/10/2025, 20:16:11] Service is running...
[14/10/2025, 20:16:17] Service is running...
[14/10/2025, 20:16:22] Service is running...
[14/10/2025, 20:16:27] Service is running...
[14/10/2025, 20:16:32] Service is running...
[14/10/2025, 20:16:37] Service is running...
[14/10/2025, 20:16:42] Service is running...
[14/10/2025, 20:16:47] Service is running...
[14/10/2025, 20:16:52] Service is running...
[14/10/2025, 20:16:57] Service is running...
[14/10/2025, 20:17:02] Service is running...
[14/10/2025, 20:17:07] Service is running...
[14/10/2025, 20:17:12] Service is running...
[14/10/2025, 20:17:17] Service is running...
[14/10/2025, 20:17:22] Service is running...
[14/10/2025, 20:17:27] Service is running...
[14/10/2025, 20:17:32] Service is running...
[14/10/2025, 20:17:37] Service is running...
[14/10/2025, 20:17:42] Service is running...
[14/10/2025, 20:17:47] Service is running...
[14/10/2025, 20:17:52] Service is running...
[14/10/2025, 20:17:57] Service is running...
[14/10/2025, 20:18:02] Service is running...
[14/10/2025, 20:18:07] Service is running...
[14/10/2025, 20:18:12] Service is running...
[14/10/2025, 20:18:17] Service is running...
[14/10/2025, 20:18:22] Service is running...
[14/10/2025, 20:18:27] Service is running...
[14/10/2025, 20:18:32] Service is running...
[14/10/2025, 20:18:37] Service is running...
[14/10/2025, 20:18:42] Service is running...
[14/10/2025, 20:18:47] Service is running...
[14/10/2025, 20:18:52] Service is running...
[14/10/2025, 20:18:57] Service is running...
[14/10/2025, 20:19:02] Service is running...
[14/10/2025, 20:19:07] Service is running...
[14/10/2025, 20:19:12] Service is running...
[14/10/2025, 20:19:17] Service is running...
[14/10/2025, 20:19:22] Service is running...
[14/10/2025, 20:19:27] Service is running...
[14/10/2025, 20:19:32] Service is running...
[14/10/2025, 20:19:37] Service is running...
[14/10/2025, 20:19:42] Service is running...
[14/10/2025, 20:19:47] Service is running...
[14/10/2025, 20:19:52] Service is running...
[14/10/2025, 20:19:57] Service is running...
[14/10/2025, 20:20:02] Service is running...
[14/10/2025, 20:20:07] Service is running...
[14/10/2025, 20:20:12] Service is running...
[14/10/2025, 20:20:17] Service is running...
[14/10/2025, 20:20:22] Service is running...
[14/10/2025, 20:20:27] Service is running...
[14/10/2025, 20:20:32] Service is running...
[14/10/2025, 20:20:37] Service is running...
[14/10/2025, 20:20:42] Service is running...
[14/10/2025, 20:20:47] Service is running...
[14/10/2025, 20:20:52] Service is running...
[14/10/2025, 20:20:57] Service is running...
[14/10/2025, 20:21:02] Service is running...
[14/10/2025, 20:21:07] Service is running...
[14/10/2025, 20:21:12] Service is running...
[14/10/2025, 20:21:17] Service is running...
[14/10/2025, 20:21:22] Service is running...
[14/10/2025, 20:21:27] Service is running...
[14/10/2025, 20:21:32] Service is running...
[14/10/2025, 20:21:37] Service is running...
[14/10/2025, 20:21:42] Service is running...
[14/10/2025, 20:21:47] Service is running...
[14/10/2025, 20:21:52] Service is running...
[14/10/2025, 20:21:57] Service is running...
[14/10/2025, 20:22:02] Service is running...
[14/10/2025, 20:22:07] Service is running...
[14/10/2025, 20:22:12] Service is running...
[14/10/2025, 20:22:17] Service is running...
[14/10/2025, 20:22:22] Service is running...
[14/10/2025, 20:22:27] Service is running...
[14/10/2025, 20:22:32] Service is running...
[14/10/2025, 20:22:37] Service is running...
[14/10/2025, 20:22:42] Service is running...
[14/10/2025, 20:22:47] Service is running...
[14/10/2025, 20:22:52] Service is running...
[14/10/2025, 20:22:57] Service is running...
[14/10/2025, 20:23:02] Service is running...
[14/10/2025, 20:23:07] Service is running...
[14/10/2025, 20:23:12] Service is running...
[14/10/2025, 20:23:17] Service is running...
[14/10/2025, 20:23:22] Service is running...
[14/10/2025, 20:23:27] Service is running...
[14/10/2025, 20:23:32] Service is running...
[14/10/2025, 20:23:37] Service is running...
[14/10/2025, 20:23:42] Service is running...
[14/10/2025, 20:23:47] Service is running...
[14/10/2025, 20:23:52] Service is running...
[14/10/2025, 20:23:57] Service is running...
[14/10/2025, 20:24:02] Service is running...
[14/10/2025, 20:24:07] Service is running...
[14/10/2025, 20:24:12] Service is running...
[14/10/2025, 20:24:17] Service is running...
[14/10/2025, 20:24:22] Service is running...
[14/10/2025, 20:24:27] Service is running...
[14/10/2025, 20:24:32] Service is running...
[14/10/2025, 20:24:37] Service is running...
[14/10/2025, 20:24:42] Service is running...
[14/10/2025, 20:24:47] Service is running...
[14/10/2025, 20:24:52] Service is running...
[14/10/2025, 20:24:57] Service is running...
[14/10/2025, 20:25:02] Service is running...
[14/10/2025, 20:25:07] Service is running...
[14/10/2025, 20:25:12] Service is running...
[14/10/2025, 20:25:17] Service is running...
[14/10/2025, 20:25:22] Service is running...
[14/10/2025, 20:25:27] Service is running...
[14/10/2025, 20:25:32] Service is running...
[14/10/2025, 20:25:37] Service is running...
[14/10/2025, 20:25:42] Service is running...
[14/10/2025, 20:25:47] Service is running...
[14/10/2025, 20:25:52] Service is running...
[14/10/2025, 20:25:57] Service is running...
[14/10/2025, 20:26:02] Service is running...
[14/10/2025, 20:26:07] Service is running...
[14/10/2025, 20:26:12] Service is running...
[14/10/2025, 20:26:17] Service is running...
[14/10/2025, 20:26:22] Service is running...
[14/10/2025, 20:26:27] Service is running...
[14/10/2025, 20:26:32] Service is running...
[14/10/2025, 20:26:37] Service is running...
[14/10/2025, 20:26:42] Service is running...
[14/10/2025, 20:26:47] Service is running...
[14/10/2025, 20:26:52] Service is running...
[14/10/2025, 20:26:57] Service is running...
[14/10/2025, 20:27:02] Service is running...
[14/10/2025, 20:27:07] Service is running...
[14/10/2025, 20:27:12] Service is running...
[14/10/2025, 20:27:18] Service is running...
[14/10/2025, 20:27:23] Service is running...
[14/10/2025, 20:27:28] Service is running...
[14/10/2025, 20:27:33] Service is running...
[14/10/2025, 20:27:38] Service is running...
[14/10/2025, 20:27:43] Service is running...
[14/10/2025, 20:27:48] Service is running...
[14/10/2025, 20:27:53] Service is running...
[14/10/2025, 20:27:58] Service is running...
[14/10/2025, 20:28:03] Service is running...
[14/10/2025, 20:28:08] Service is running...
[14/10/2025, 20:28:13] Service is running...
[14/10/2025, 20:28:18] Service is running...
[14/10/2025, 20:28:23] Service is running...
[14/10/2025, 20:28:28] Service is running...
[14/10/2025, 20:28:33] Service is running...
[14/10/2025, 20:28:38] Service is running...
[14/10/2025, 20:28:43] Service is running...
[14/10/2025, 20:28:48] Service is running...
[14/10/2025, 20:28:53] Service is running...
[14/10/2025, 20:28:58] Service is running...
[14/10/2025, 20:29:03] Service is running...
[14/10/2025, 20:29:08] Service is running...
[14/10/2025, 20:29:13] Service is running...
[14/10/2025, 20:29:18] Service is running...
[14/10/2025, 20:29:23] Service is running...
